[34m2020-08-13 11:40:51.300 UTC [nodeCmd] serve -> INFO 001[0m Starting peer:
 Version: 2.1.0
 Commit SHA: 1bdf97537
 Go version: go1.14.1
 OS/Arch: linux/amd64
 Chaincode:
  Base Docker Label: org.hyperledger.fabric
  Docker Namespace: hyperledger
[34m2020-08-13 11:40:51.300 UTC [peer] getLocalAddress -> INFO 002[0m Auto-detected peer address: 10.0.2.15:7051
[34m2020-08-13 11:40:51.304 UTC [peer] getLocalAddress -> INFO 003[0m Returning localhost:7051
[34m2020-08-13 11:40:51.381 UTC [ledgermgmt] NewLedgerMgr -> INFO 004[0m Initializing LedgerMgr
[34m2020-08-13 11:40:51.470 UTC [leveldbhelper] openDBAndCheckFormat -> INFO 005[0m DB is empty Setting db format as 2.0
[34m2020-08-13 11:40:51.472 UTC [fsblkstorage] NewProvider -> INFO 006[0m Creating new file ledger directory at /var/ledgers/multi-org-ca/acme/peer1/ledger/ledgersData/chains/chains
[34m2020-08-13 11:40:51.507 UTC [leveldbhelper] openDBAndCheckFormat -> INFO 007[0m DB is empty Setting db format as 2.0
[34m2020-08-13 11:40:51.576 UTC [leveldbhelper] openDBAndCheckFormat -> INFO 008[0m DB is empty Setting db format as 2.0
[34m2020-08-13 11:40:51.586 UTC [ledgermgmt] NewLedgerMgr -> INFO 009[0m Initialized LedgerMgr
[34m2020-08-13 11:40:51.607 UTC [gossip.service] New -> INFO 00a[0m Initialize gossip with endpoint localhost:7051
[34m2020-08-13 11:40:51.625 UTC [gossip.gossip] New -> INFO 00b[0m Creating gossip service with self membership of Endpoint: , InternalEndpoint: localhost:7051, PKI-ID: d62a33cca20d69b8877abf2d2d595b8617bd90e7e8a2c22bc397bb9fad0ff74a, Metadata: 
[33m2020-08-13 11:40:51.751 UTC [gossip.gossip] New -> WARN 00c[0m External endpoint is empty, peer will not be accessible outside of its organization
[34m2020-08-13 11:40:51.752 UTC [lifecycle] InitializeLocalChaincodes -> INFO 00d[0m Initialized lifecycle cache with 0 already installed chaincodes
[34m2020-08-13 11:40:51.755 UTC [nodeCmd] computeChaincodeEndpoint -> INFO 00e[0m Entering computeChaincodeEndpoint with peerHostname: localhost
[34m2020-08-13 11:40:51.755 UTC [nodeCmd] computeChaincodeEndpoint -> INFO 00f[0m Exit with ccEndpoint: localhost:7052
[34m2020-08-13 11:40:51.775 UTC [gossip.gossip] start -> INFO 010[0m Gossip instance localhost:7051 started
[34m2020-08-13 11:40:51.783 UTC [sccapi] DeploySysCC -> INFO 011[0m deploying system chaincode 'lscc'
[34m2020-08-13 11:40:51.791 UTC [sccapi] DeploySysCC -> INFO 012[0m deploying system chaincode 'cscc'
[34m2020-08-13 11:40:51.792 UTC [sccapi] DeploySysCC -> INFO 013[0m deploying system chaincode 'qscc'
[34m2020-08-13 11:40:51.792 UTC [sccapi] DeploySysCC -> INFO 014[0m deploying system chaincode '_lifecycle'
[34m2020-08-13 11:40:51.793 UTC [nodeCmd] serve -> INFO 015[0m Deployed system chaincodes
[34m2020-08-13 11:40:51.793 UTC [discovery] NewService -> INFO 016[0m Created with config TLS: false, authCacheMaxSize: 1000, authCachePurgeRatio: 0.750000
[34m2020-08-13 11:40:51.794 UTC [nodeCmd] registerDiscoveryService -> INFO 017[0m Discovery service activated
[34m2020-08-13 11:40:51.794 UTC [nodeCmd] serve -> INFO 018[0m Starting peer with ID=[peer1], network ID=[dev], address=[localhost:7051]
[34m2020-08-13 11:40:51.802 UTC [nodeCmd] serve -> INFO 019[0m Started peer with ID=[peer1], network ID=[dev], address=[localhost:7051]
[34m2020-08-13 11:40:51.803 UTC [kvledger] LoadPreResetHeight -> INFO 01a[0m Loading prereset height from path [/var/ledgers/multi-org-ca/acme/peer1/ledger/ledgersData/chains]
[34m2020-08-13 11:40:51.803 UTC [fsblkstorage] preResetHtFiles -> INFO 01b[0m No active channels passed
[34m2020-08-13 11:42:38.820 UTC [endorser] callChaincode -> INFO 01c[0m finished chaincode: cscc duration: 1ms channel= txID=785c8b63
[34m2020-08-13 11:42:38.821 UTC [comm.grpc.server] 1 -> INFO 01d[0m unary call completed grpc.service=protos.Endorser grpc.method=ProcessProposal grpc.peer_address=127.0.0.1:47680 grpc.code=OK grpc.call_duration=19.352919ms
[34m2020-08-13 11:43:03.526 UTC [endorser] callChaincode -> INFO 01e[0m finished chaincode: cscc duration: 0ms channel= txID=a2c77f79
[34m2020-08-13 11:43:03.526 UTC [comm.grpc.server] 1 -> INFO 01f[0m unary call completed grpc.service=protos.Endorser grpc.method=ProcessProposal grpc.peer_address=127.0.0.1:47684 grpc.code=OK grpc.call_duration=959.305µs
[34m2020-08-13 11:43:36.844 UTC [ledgermgmt] CreateLedger -> INFO 020[0m Creating ledger [airlinechannel] with genesis block
[34m2020-08-13 11:43:36.867 UTC [fsblkstorage] newBlockfileMgr -> INFO 021[0m Getting block information from block storage
[34m2020-08-13 11:43:37.092 UTC [kvledger] CommitLegacy -> INFO 022[0m [airlinechannel] Committed block [0] with 1 transaction(s) in 213ms (state_validation=0ms block_and_pvtdata_commit=14ms state_commit=195ms) commitHash=[]
[34m2020-08-13 11:43:37.097 UTC [ledgermgmt] CreateLedger -> INFO 023[0m Created ledger [airlinechannel] with genesis block
[34m2020-08-13 11:43:37.101 UTC [gossip.gossip] JoinChan -> INFO 024[0m Joining gossip network of channel airlinechannel with 1 organizations
[34m2020-08-13 11:43:37.101 UTC [gossip.gossip] learnAnchorPeers -> INFO 025[0m No configured anchor peers of AcmeMSP for channel airlinechannel to learn about
[34m2020-08-13 11:43:37.105 UTC [gossip.state] NewGossipStateProvider -> INFO 026[0m Updating metadata information for channel airlinechannel, current ledger sequence is at = 0, next expected block is = 1
[34m2020-08-13 11:43:37.107 UTC [endorser] callChaincode -> INFO 027[0m finished chaincode: cscc duration: 282ms channel= txID=a896ae6f
[34m2020-08-13 11:43:37.107 UTC [comm.grpc.server] 1 -> INFO 028[0m unary call completed grpc.service=protos.Endorser grpc.method=ProcessProposal grpc.peer_address=127.0.0.1:47692 grpc.code=OK grpc.call_duration=283.078877ms
[34m2020-08-13 11:43:43.107 UTC [gossip.election] beLeader -> INFO 029[0m d62a33cca20d69b8877abf2d2d595b8617bd90e7e8a2c22bc397bb9fad0ff74a : Becoming a leader
[34m2020-08-13 11:43:43.108 UTC [gossip.service] func1 -> INFO 02a[0m Elected as a leader, starting delivery service for channel airlinechannel
[34m2020-08-13 11:43:43.108 UTC [deliveryClient] StartDeliverForChannel -> INFO 02b[0m This peer will retrieve blocks from ordering service and disseminate to other peers in the organization for channel airlinechannel
[34m2020-08-13 11:44:35.130 UTC [endorser] callChaincode -> INFO 02c[0m finished chaincode: cscc duration: 0ms channel= txID=62c96912
[34m2020-08-13 11:44:35.130 UTC [comm.grpc.server] 1 -> INFO 02d[0m unary call completed grpc.service=protos.Endorser grpc.method=ProcessProposal grpc.peer_address=127.0.0.1:47700 grpc.code=OK grpc.call_duration=972.282µs
[34m2020-08-13 11:47:43.367 UTC [comm.grpc.server] 1 -> INFO 02e[0m unary call completed grpc.service=gossip.Gossip grpc.method=Ping grpc.request_deadline=2020-08-13T11:47:45.357Z grpc.peer_address=127.0.0.1:47708 grpc.code=OK grpc.call_duration=52.362µs
[34m2020-08-13 11:47:43.371 UTC [gossip.comm] GossipStream -> INFO 02f[0m Peer f96d87247511d5ed620e532b717660328f632787ffab41e128490114a3583a7f (127.0.0.1:47708) probed us
[34m2020-08-13 11:47:43.372 UTC [comm.grpc.server] 1 -> INFO 030[0m streaming call completed grpc.service=gossip.Gossip grpc.method=GossipStream grpc.request_deadline=2020-08-13T11:47:53.37Z grpc.peer_address=127.0.0.1:47708 grpc.code=OK grpc.call_duration=1.84293ms
[34m2020-08-13 11:47:43.377 UTC [comm.grpc.server] 1 -> INFO 031[0m unary call completed grpc.service=gossip.Gossip grpc.method=Ping grpc.request_deadline=2020-08-13T11:47:45.376Z grpc.peer_address=127.0.0.1:47712 grpc.code=OK grpc.call_duration=675.483µs
[34m2020-08-13 11:49:47.101 UTC [gossip.channel] reportMembershipChanges -> INFO 032[0m [[airlinechannel] Membership view has changed. peers went online:  [[ localhost:8051]] , current view:  [[ localhost:8051]]]
